TN:
SF:C:\Users\BNewton\Desktop\Code\hangman-jest\lib.js
FN:8,isWordSolved
FN:9,(anonymous_1)
FN:17,randomlySelectWord
FN:26,createBlankWordArray
FN:40,fillInGuessedLetters
FN:41,(anonymous_5)
FN:51,stringify
FN:61,wordIncludesLetter
FN:65,validateInput
FN:76,askForALetter
FN:84,print
FNF:11
FNH:7
FNDA:3,isWordSolved
FNDA:5,(anonymous_1)
FNDA:0,randomlySelectWord
FNDA:6,createBlankWordArray
FNDA:0,fillInGuessedLetters
FNDA:0,(anonymous_5)
FNDA:7,stringify
FNDA:0,wordIncludesLetter
FNDA:6,validateInput
FNDA:1,askForALetter
FNDA:2,print
DA:1,1
DA:9,5
DA:18,0
DA:27,6
DA:28,3
DA:30,3
DA:41,0
DA:42,0
DA:52,7
DA:62,0
DA:66,6
DA:67,4
DA:69,2
DA:77,1
DA:85,2
DA:88,1
LF:16
LH:12
BRDA:26,0,0,1
BRDA:27,1,0,3
BRDA:27,1,1,3
BRDA:42,2,0,0
BRDA:42,2,1,0
BRDA:51,3,0,1
BRDA:66,4,0,4
BRDA:66,4,1,2
BRDA:66,5,0,6
BRDA:66,5,1,4
BRF:10
BRH:8
end_of_record
